0 info it worked if it ends with ok
1 verbose cli [ '/usr/local/Cellar/node/0.12.5/bin/node',
1 verbose cli   '/usr/local/bin/npm',
1 verbose cli   'start' ]
2 info using npm@3.10.3
3 info using node@v6.4.0
4 verbose run-script [ 'prestart', 'start', 'poststart' ]
5 info lifecycle dota_server@1.0.0~prestart: dota_server@1.0.0
6 silly lifecycle dota_server@1.0.0~prestart: no script for prestart, continuing
7 info lifecycle dota_server@1.0.0~start: dota_server@1.0.0
8 verbose lifecycle dota_server@1.0.0~start: unsafe-perm in lifecycle true
9 verbose lifecycle dota_server@1.0.0~start: PATH: /usr/local/lib/node_modules/npm/bin/node-gyp-bin:/Users/iamwetalldid/dev/wdi/react_dota_fe/dota_server/node_modules/.bin:/usr/local/Cellar/node/0.12.5/bin:/Users/iamwetalldid/.rbenv/shims:/Users/iamwetalldid/.rbenv/bin:/usr/local/bin:/usr/bin:/bin:/usr/sbin:/sbin:/usr/local/git/bin
10 verbose lifecycle dota_server@1.0.0~start: CWD: /Users/iamwetalldid/dev/wdi/react_dota_fe/dota_server
11 silly lifecycle dota_server@1.0.0~start: Args: [ '-c', 'node server.js' ]
12 silly lifecycle dota_server@1.0.0~start: Returned: code: 1  signal: null
13 info lifecycle dota_server@1.0.0~start: Failed to exec start script
14 verbose stack Error: dota_server@1.0.0 start: `node server.js`
14 verbose stack Exit status 1
14 verbose stack     at EventEmitter.<anonymous> (/usr/local/lib/node_modules/npm/lib/utils/lifecycle.js:242:16)
14 verbose stack     at emitTwo (events.js:106:13)
14 verbose stack     at EventEmitter.emit (events.js:191:7)
14 verbose stack     at ChildProcess.<anonymous> (/usr/local/lib/node_modules/npm/lib/utils/spawn.js:40:14)
14 verbose stack     at emitTwo (events.js:106:13)
14 verbose stack     at ChildProcess.emit (events.js:191:7)
14 verbose stack     at maybeClose (internal/child_process.js:852:16)
14 verbose stack     at Process.ChildProcess._handle.onexit (internal/child_process.js:215:5)
15 verbose pkgid dota_server@1.0.0
16 verbose cwd /Users/iamwetalldid/dev/wdi/react_dota_fe/dota_server
17 error Darwin 14.1.1
18 error argv "/usr/local/Cellar/node/0.12.5/bin/node" "/usr/local/bin/npm" "start"
19 error node v6.4.0
20 error npm  v3.10.3
21 error code ELIFECYCLE
22 error dota_server@1.0.0 start: `node server.js`
22 error Exit status 1
23 error Failed at the dota_server@1.0.0 start script 'node server.js'.
23 error Make sure you have the latest version of node.js and npm installed.
23 error If you do, this is most likely a problem with the dota_server package,
23 error not with npm itself.
23 error Tell the author that this fails on your system:
23 error     node server.js
23 error You can get information on how to open an issue for this project with:
23 error     npm bugs dota_server
23 error Or if that isn't available, you can get their info via:
23 error     npm owner ls dota_server
23 error There is likely additional logging output above.
24 verbose exit [ 1, true ]
